<?xml version="1.0" encoding="UTF-8"?>
<coverage generated="1562192465042" clover="3.2.0">
  <project timestamp="1562192465043" name="All files">
    <metrics statements="99" coveredstatements="96" conditionals="39" coveredconditionals="36" methods="25" coveredmethods="23" elements="163" coveredelements="155" complexity="0" loc="99" ncloc="99" packages="2" files="6" classes="6">
      <package name="src">
        <metrics statements="13" coveredstatements="12" conditionals="8" coveredconditionals="7" methods="3" coveredmethods="3"/>
        <file name="index.js" path="/home/maga/Desktop/LIM009-fe-md-links/src/index.js">
          <metrics statements="13" coveredstatements="12" conditionals="8" coveredconditionals="7" methods="3" coveredmethods="3"/>
          <line num="14" count="2" type="stmt"/>
          <line num="15" count="6" type="stmt"/>
          <line num="16" count="6" type="stmt"/>
          <line num="17" count="6" type="stmt"/>
          <line num="18" count="6" type="stmt"/>
          <line num="19" count="8" type="stmt"/>
          <line num="20" count="8" type="stmt"/>
          <line num="23" count="6" type="stmt"/>
          <line num="25" count="6" type="cond" truecount="4" falsecount="0"/>
          <line num="26" count="3" type="stmt"/>
          <line num="28" count="3" type="cond" truecount="3" falsecount="1"/>
          <line num="29" count="3" type="stmt"/>
          <line num="32" count="0" type="stmt"/>
        </file>
      </package>
      <package name="src.controller">
        <metrics statements="86" coveredstatements="84" conditionals="31" coveredconditionals="29" methods="22" coveredmethods="20"/>
        <file name="executor.js" path="/home/maga/Desktop/LIM009-fe-md-links/src/controller/executor.js">
          <metrics statements="28" coveredstatements="27" conditionals="17" coveredconditionals="16" methods="7" coveredmethods="6"/>
          <line num="11" count="1" type="stmt"/>
          <line num="12" count="1" type="stmt"/>
          <line num="13" count="1" type="stmt"/>
          <line num="14" count="1" type="stmt"/>
          <line num="15" count="2" type="cond" truecount="2" falsecount="0"/>
          <line num="16" count="1" type="stmt"/>
          <line num="17" count="1" type="stmt"/>
          <line num="20" count="1" type="cond" truecount="1" falsecount="1"/>
          <line num="21" count="1" type="stmt"/>
          <line num="22" count="1" type="stmt"/>
          <line num="25" count="1" type="stmt"/>
          <line num="31" count="1" type="stmt"/>
          <line num="32" count="4" type="stmt"/>
          <line num="34" count="4" type="cond" truecount="5" falsecount="0"/>
          <line num="35" count="1" type="stmt"/>
          <line num="36" count="1" type="stmt"/>
          <line num="37" count="1" type="stmt"/>
          <line num="38" count="3" type="cond" truecount="4" falsecount="0"/>
          <line num="39" count="1" type="stmt"/>
          <line num="40" count="1" type="stmt"/>
          <line num="42" count="2" type="stmt"/>
          <line num="43" count="2" type="cond" truecount="4" falsecount="0"/>
          <line num="44" count="1" type="stmt"/>
          <line num="45" count="2" type="stmt"/>
          <line num="48" count="1" type="stmt"/>
          <line num="49" count="2" type="stmt"/>
          <line num="52" count="2" type="stmt"/>
          <line num="55" count="0" type="stmt"/>
        </file>
        <file name="links.js" path="/home/maga/Desktop/LIM009-fe-md-links/src/controller/links.js">
          <metrics statements="8" coveredstatements="8" conditionals="0" coveredconditionals="0" methods="2" coveredmethods="2"/>
          <line num="5" count="3" type="stmt"/>
          <line num="7" count="3" type="stmt"/>
          <line num="8" count="9" type="stmt"/>
          <line num="9" count="9" type="stmt"/>
          <line num="11" count="9" type="stmt"/>
          <line num="12" count="11" type="stmt"/>
          <line num="18" count="9" type="stmt"/>
          <line num="19" count="9" type="stmt"/>
        </file>
        <file name="path.js" path="/home/maga/Desktop/LIM009-fe-md-links/src/controller/path.js">
          <metrics statements="22" coveredstatements="22" conditionals="8" coveredconditionals="8" methods="5" coveredmethods="5"/>
          <line num="5" count="3" type="stmt"/>
          <line num="6" count="8" type="cond" truecount="2" falsecount="0"/>
          <line num="8" count="1" type="stmt"/>
          <line num="12" count="7" type="stmt"/>
          <line num="17" count="3" type="stmt"/>
          <line num="18" count="24" type="stmt"/>
          <line num="19" count="24" type="stmt"/>
          <line num="20" count="24" type="stmt"/>
          <line num="24" count="3" type="stmt"/>
          <line num="25" count="23" type="cond" truecount="2" falsecount="0"/>
          <line num="27" count="13" type="cond" truecount="2" falsecount="0"/>
          <line num="31" count="10" type="stmt"/>
          <line num="32" count="10" type="stmt"/>
          <line num="33" count="16" type="stmt"/>
          <line num="34" count="16" type="stmt"/>
          <line num="40" count="3" type="stmt"/>
          <line num="41" count="35" type="stmt"/>
          <line num="42" count="35" type="stmt"/>
          <line num="43" count="42" type="cond" truecount="2" falsecount="0"/>
          <line num="45" count="22" type="stmt"/>
          <line num="49" count="20" type="stmt"/>
          <line num="52" count="35" type="stmt"/>
        </file>
        <file name="stats.js" path="/home/maga/Desktop/LIM009-fe-md-links/src/controller/stats.js">
          <metrics statements="20" coveredstatements="20" conditionals="4" coveredconditionals="3" methods="4" coveredmethods="4"/>
          <line num="1" count="2" type="stmt"/>
          <line num="3" count="3" type="stmt"/>
          <line num="5" count="3" type="stmt"/>
          <line num="6" count="5" type="cond" truecount="1" falsecount="1"/>
          <line num="8" count="5" type="stmt"/>
          <line num="15" count="3" type="stmt"/>
          <line num="16" count="3" type="stmt"/>
          <line num="17" count="3" type="stmt"/>
          <line num="18" count="3" type="stmt"/>
          <line num="19" count="3" type="stmt"/>
          <line num="21" count="3" type="stmt"/>
          <line num="22" count="3" type="stmt"/>
          <line num="25" count="2" type="stmt"/>
          <line num="26" count="2" type="stmt"/>
          <line num="27" count="2" type="stmt"/>
          <line num="28" count="4" type="cond" truecount="2" falsecount="0"/>
          <line num="30" count="2" type="stmt"/>
          <line num="33" count="2" type="stmt"/>
          <line num="34" count="2" type="stmt"/>
          <line num="35" count="2" type="stmt"/>
        </file>
        <file name="validate.js" path="/home/maga/Desktop/LIM009-fe-md-links/src/controller/validate.js">
          <metrics statements="8" coveredstatements="7" conditionals="2" coveredconditionals="2" methods="4" coveredmethods="3"/>
          <line num="5" count="3" type="stmt"/>
          <line num="6" count="5" type="stmt"/>
          <line num="7" count="9" type="stmt"/>
          <line num="9" count="9" type="cond" truecount="2" falsecount="0"/>
          <line num="10" count="4" type="stmt"/>
          <line num="18" count="5" type="stmt"/>
          <line num="28" count="0" type="stmt"/>
          <line num="37" count="5" type="stmt"/>
        </file>
      </package>
    </metrics>
  </project>
</coverage>
