<?xml version="1.0" encoding="UTF-8"?>
<coverage generated="1562080515616" clover="3.2.0">
  <project timestamp="1562080515617" name="All files">
    <metrics statements="129" coveredstatements="96" conditionals="41" coveredconditionals="31" methods="30" coveredmethods="20" elements="200" coveredelements="147" complexity="0" loc="129" ncloc="129" packages="3" files="7" classes="7">
      <package name="lib.controller">
        <metrics statements="25" coveredstatements="6" conditionals="4" coveredconditionals="0" methods="4" coveredmethods="0"/>
        <file name="stats.js" path="/home/maga/Desktop/LIM009-fe-md-links/lib/controller/stats.js">
          <metrics statements="25" coveredstatements="6" conditionals="4" coveredconditionals="0" methods="4" coveredmethods="0"/>
          <line num="3" count="1" type="stmt"/>
          <line num="6" count="1" type="stmt"/>
          <line num="8" count="1" type="stmt"/>
          <line num="9" count="0" type="stmt"/>
          <line num="10" count="0" type="stmt"/>
          <line num="11" count="0" type="cond" truecount="0" falsecount="2"/>
          <line num="12" count="0" type="stmt"/>
          <line num="14" count="0" type="stmt"/>
          <line num="17" count="0" type="stmt"/>
          <line num="18" count="0" type="stmt"/>
          <line num="19" count="0" type="stmt"/>
          <line num="20" count="0" type="stmt"/>
          <line num="21" count="0" type="stmt"/>
          <line num="22" count="0" type="stmt"/>
          <line num="23" count="0" type="stmt"/>
          <line num="26" count="1" type="stmt"/>
          <line num="28" count="1" type="stmt"/>
          <line num="29" count="0" type="stmt"/>
          <line num="30" count="0" type="stmt"/>
          <line num="31" count="0" type="cond" truecount="0" falsecount="2"/>
          <line num="32" count="0" type="stmt"/>
          <line num="35" count="0" type="stmt"/>
          <line num="36" count="0" type="stmt"/>
          <line num="37" count="0" type="stmt"/>
          <line num="40" count="1" type="stmt"/>
        </file>
      </package>
      <package name="src">
        <metrics statements="46" coveredstatements="33" conditionals="23" coveredconditionals="18" methods="11" coveredmethods="6"/>
        <file name="cli.js" path="/home/maga/Desktop/LIM009-fe-md-links/src/cli.js">
          <metrics statements="33" coveredstatements="21" conditionals="15" coveredconditionals="11" methods="8" coveredmethods="3"/>
          <line num="5" count="1" type="stmt"/>
          <line num="6" count="1" type="stmt"/>
          <line num="7" count="1" type="stmt"/>
          <line num="10" count="1" type="stmt"/>
          <line num="11" count="2" type="stmt"/>
          <line num="12" count="2" type="stmt"/>
          <line num="13" count="2" type="stmt"/>
          <line num="14" count="2" type="cond" truecount="2" falsecount="0"/>
          <line num="15" count="1" type="stmt"/>
          <line num="16" count="1" type="stmt"/>
          <line num="19" count="1" type="cond" truecount="1" falsecount="1"/>
          <line num="20" count="1" type="stmt"/>
          <line num="21" count="1" type="stmt"/>
          <line num="24" count="2" type="stmt"/>
          <line num="30" count="1" type="stmt"/>
          <line num="33" count="1" type="stmt"/>
          <line num="34" count="2" type="cond" truecount="5" falsecount="0"/>
          <line num="36" count="1" type="stmt"/>
          <line num="38" count="0" type="stmt"/>
          <line num="39" count="0" type="stmt"/>
          <line num="40" count="0" type="stmt"/>
          <line num="41" count="0" type="stmt"/>
          <line num="44" count="1" type="cond" truecount="3" falsecount="1"/>
          <line num="46" count="0" type="stmt"/>
          <line num="48" count="0" type="stmt"/>
          <line num="49" count="0" type="stmt"/>
          <line num="54" count="1" type="stmt"/>
          <line num="56" count="0" type="cond" truecount="0" falsecount="2"/>
          <line num="58" count="0" type="stmt"/>
          <line num="59" count="0" type="stmt"/>
          <line num="64" count="0" type="stmt"/>
          <line num="65" count="0" type="stmt"/>
          <line num="74" count="1" type="stmt"/>
        </file>
        <file name="index.js" path="/home/maga/Desktop/LIM009-fe-md-links/src/index.js">
          <metrics statements="13" coveredstatements="12" conditionals="8" coveredconditionals="7" methods="3" coveredmethods="3"/>
          <line num="14" count="2" type="stmt"/>
          <line num="15" count="4" type="stmt"/>
          <line num="16" count="4" type="stmt"/>
          <line num="17" count="3" type="stmt"/>
          <line num="18" count="3" type="stmt"/>
          <line num="19" count="5" type="stmt"/>
          <line num="20" count="4" type="stmt"/>
          <line num="23" count="2" type="stmt"/>
          <line num="25" count="2" type="cond" truecount="4" falsecount="0"/>
          <line num="26" count="1" type="stmt"/>
          <line num="28" count="1" type="cond" truecount="3" falsecount="1"/>
          <line num="29" count="1" type="stmt"/>
          <line num="32" count="0" type="stmt"/>
        </file>
      </package>
      <package name="src.controller">
        <metrics statements="58" coveredstatements="57" conditionals="14" coveredconditionals="13" methods="15" coveredmethods="14"/>
        <file name="links.js" path="/home/maga/Desktop/LIM009-fe-md-links/src/controller/links.js">
          <metrics statements="8" coveredstatements="8" conditionals="0" coveredconditionals="0" methods="2" coveredmethods="2"/>
          <line num="5" count="3" type="stmt"/>
          <line num="7" count="3" type="stmt"/>
          <line num="9" count="6" type="stmt"/>
          <line num="10" count="5" type="stmt"/>
          <line num="12" count="5" type="stmt"/>
          <line num="13" count="3" type="stmt"/>
          <line num="19" count="5" type="stmt"/>
          <line num="20" count="5" type="stmt"/>
        </file>
        <file name="path.js" path="/home/maga/Desktop/LIM009-fe-md-links/src/controller/path.js">
          <metrics statements="22" coveredstatements="22" conditionals="8" coveredconditionals="8" methods="5" coveredmethods="5"/>
          <line num="5" count="3" type="stmt"/>
          <line num="6" count="6" type="cond" truecount="2" falsecount="0"/>
          <line num="8" count="2" type="stmt"/>
          <line num="12" count="4" type="stmt"/>
          <line num="17" count="3" type="stmt"/>
          <line num="18" count="18" type="stmt"/>
          <line num="19" count="17" type="stmt"/>
          <line num="20" count="17" type="stmt"/>
          <line num="24" count="3" type="stmt"/>
          <line num="25" count="17" type="cond" truecount="2" falsecount="0"/>
          <line num="27" count="10" type="cond" truecount="2" falsecount="0"/>
          <line num="31" count="6" type="stmt"/>
          <line num="32" count="6" type="stmt"/>
          <line num="33" count="12" type="stmt"/>
          <line num="34" count="12" type="stmt"/>
          <line num="40" count="3" type="stmt"/>
          <line num="41" count="16" type="stmt"/>
          <line num="42" count="16" type="stmt"/>
          <line num="43" count="83" type="cond" truecount="2" falsecount="0"/>
          <line num="45" count="10" type="stmt"/>
          <line num="49" count="73" type="stmt"/>
          <line num="52" count="16" type="stmt"/>
        </file>
        <file name="stats.js" path="/home/maga/Desktop/LIM009-fe-md-links/src/controller/stats.js">
          <metrics statements="20" coveredstatements="20" conditionals="4" coveredconditionals="3" methods="4" coveredmethods="4"/>
          <line num="1" count="1" type="stmt"/>
          <line num="3" count="1" type="stmt"/>
          <line num="5" count="1" type="stmt"/>
          <line num="6" count="1" type="cond" truecount="1" falsecount="1"/>
          <line num="8" count="1" type="stmt"/>
          <line num="15" count="1" type="stmt"/>
          <line num="16" count="1" type="stmt"/>
          <line num="17" count="1" type="stmt"/>
          <line num="18" count="1" type="stmt"/>
          <line num="19" count="1" type="stmt"/>
          <line num="21" count="1" type="stmt"/>
          <line num="22" count="1" type="stmt"/>
          <line num="25" count="1" type="stmt"/>
          <line num="26" count="1" type="stmt"/>
          <line num="27" count="1" type="stmt"/>
          <line num="28" count="2" type="cond" truecount="2" falsecount="0"/>
          <line num="30" count="1" type="stmt"/>
          <line num="33" count="1" type="stmt"/>
          <line num="34" count="1" type="stmt"/>
          <line num="35" count="1" type="stmt"/>
        </file>
        <file name="validate.js" path="/home/maga/Desktop/LIM009-fe-md-links/src/controller/validate.js">
          <metrics statements="8" coveredstatements="7" conditionals="2" coveredconditionals="2" methods="4" coveredmethods="3"/>
          <line num="5" count="3" type="stmt"/>
          <line num="6" count="3" type="stmt"/>
          <line num="7" count="5" type="stmt"/>
          <line num="9" count="4" type="cond" truecount="2" falsecount="0"/>
          <line num="10" count="1" type="stmt"/>
          <line num="18" count="3" type="stmt"/>
          <line num="28" count="0" type="stmt"/>
          <line num="37" count="2" type="stmt"/>
        </file>
      </package>
    </metrics>
  </project>
</coverage>
