{"/home/maga/Desktop/LIM009-fe-md-links/src/index.js": {"path":"/home/maga/Desktop/LIM009-fe-md-links/src/index.js","statementMap":{"0":{"start":{"line":1,"column":11},"end":{"line":1,"column":24}},"1":{"start":{"line":2,"column":13},"end":{"line":2,"column":28}},"2":{"start":{"line":6,"column":16},"end":{"line":6,"column":45}},"3":{"start":{"line":9,"column":28},"end":{"line":15,"column":1}},"4":{"start":{"line":10,"column":2},"end":{"line":14,"column":3}},"5":{"start":{"line":11,"column":4},"end":{"line":11,"column":31}},"6":{"start":{"line":13,"column":4},"end":{"line":13,"column":17}},"7":{"start":{"line":19,"column":26},"end":{"line":23,"column":1}},"8":{"start":{"line":20,"column":16},"end":{"line":20,"column":34}},"9":{"start":{"line":21,"column":15},"end":{"line":21,"column":31}},"10":{"start":{"line":22,"column":2},"end":{"line":22,"column":16}},"11":{"start":{"line":26,"column":32},"end":{"line":38,"column":1}},"12":{"start":{"line":27,"column":2},"end":{"line":37,"column":3}},"13":{"start":{"line":28,"column":4},"end":{"line":28,"column":54}},"14":{"start":{"line":31,"column":20},"end":{"line":31,"column":52}},"15":{"start":{"line":32,"column":4},"end":{"line":36,"column":6}},"16":{"start":{"line":34,"column":25},"end":{"line":34,"column":70}},"17":{"start":{"line":35,"column":6},"end":{"line":35,"column":23}},"18":{"start":{"line":42,"column":23},"end":{"line":52,"column":1}},"19":{"start":{"line":43,"column":12},"end":{"line":43,"column":14}},"20":{"start":{"line":44,"column":2},"end":{"line":50,"column":3}},"21":{"start":{"line":45,"column":4},"end":{"line":49,"column":5}},"22":{"start":{"line":46,"column":6},"end":{"line":46,"column":40}},"23":{"start":{"line":48,"column":6},"end":{"line":48,"column":23}},"24":{"start":{"line":51,"column":2},"end":{"line":51,"column":13}}},"fnMap":{"0":{"name":"(anonymous_0)","decl":{"start":{"line":9,"column":28},"end":{"line":9,"column":29}},"loc":{"start":{"line":9,"column":39},"end":{"line":15,"column":1}},"line":9},"1":{"name":"(anonymous_1)","decl":{"start":{"line":19,"column":26},"end":{"line":19,"column":27}},"loc":{"start":{"line":19,"column":37},"end":{"line":23,"column":1}},"line":19},"2":{"name":"(anonymous_2)","decl":{"start":{"line":26,"column":32},"end":{"line":26,"column":33}},"loc":{"start":{"line":26,"column":43},"end":{"line":38,"column":1}},"line":26},"3":{"name":"(anonymous_3)","decl":{"start":{"line":32,"column":23},"end":{"line":32,"column":24}},"loc":{"start":{"line":32,"column":36},"end":{"line":36,"column":5}},"line":32},"4":{"name":"(anonymous_4)","decl":{"start":{"line":42,"column":23},"end":{"line":42,"column":24}},"loc":{"start":{"line":42,"column":32},"end":{"line":52,"column":1}},"line":42}},"branchMap":{"0":{"loc":{"start":{"line":10,"column":2},"end":{"line":14,"column":3}},"type":"if","locations":[{"start":{"line":10,"column":2},"end":{"line":14,"column":3}},{"start":{"line":10,"column":2},"end":{"line":14,"column":3}}],"line":10},"1":{"loc":{"start":{"line":27,"column":2},"end":{"line":37,"column":3}},"type":"if","locations":[{"start":{"line":27,"column":2},"end":{"line":37,"column":3}},{"start":{"line":27,"column":2},"end":{"line":37,"column":3}}],"line":27},"2":{"loc":{"start":{"line":28,"column":11},"end":{"line":28,"column":53}},"type":"cond-expr","locations":[{"start":{"line":28,"column":43},"end":{"line":28,"column":48}},{"start":{"line":28,"column":51},"end":{"line":28,"column":53}}],"line":28},"3":{"loc":{"start":{"line":45,"column":4},"end":{"line":49,"column":5}},"type":"if","locations":[{"start":{"line":45,"column":4},"end":{"line":49,"column":5}},{"start":{"line":45,"column":4},"end":{"line":49,"column":5}}],"line":45}},"s":{"0":1,"1":1,"2":1,"3":1,"4":2,"5":1,"6":1,"7":1,"8":7,"9":7,"10":7,"11":1,"12":6,"13":4,"14":2,"15":2,"16":5,"17":5,"18":1,"19":3,"20":3,"21":5,"22":2,"23":3,"24":3},"f":{"0":2,"1":7,"2":6,"3":5,"4":3},"b":{"0":[1,1],"1":[4,2],"2":[3,1],"3":[2,3]},"_coverageSchema":"332fd63041d2c1bcb487cc26dd0d5f7d97098a6c","hash":"62daee072ac9ca95e97feb1760f73b98e711534d"}
}
