{"/home/maga/Desktop/LIM009-fe-md-links/lib/controller/stats.js": {"path":"/home/maga/Desktop/LIM009-fe-md-links/lib/controller/stats.js","statementMap":{"0":{"start":{"line":3,"column":0},"end":{"line":5,"column":3}},"1":{"start":{"line":6,"column":0},"end":{"line":6,"column":52}},"2":{"start":{"line":8,"column":19},"end":{"line":24,"column":1}},"3":{"start":{"line":9,"column":14},"end":{"line":9,"column":23}},"4":{"start":{"line":10,"column":2},"end":{"line":16,"column":5}},"5":{"start":{"line":11,"column":4},"end":{"line":15,"column":5}},"6":{"start":{"line":12,"column":6},"end":{"line":12,"column":37}},"7":{"start":{"line":14,"column":6},"end":{"line":14,"column":18}},"8":{"start":{"line":17,"column":16},"end":{"line":17,"column":36}},"9":{"start":{"line":18,"column":19},"end":{"line":18,"column":36}},"10":{"start":{"line":19,"column":18},"end":{"line":19,"column":35}},"11":{"start":{"line":20,"column":22},"end":{"line":20,"column":36}},"12":{"start":{"line":21,"column":22},"end":{"line":21,"column":46}},"13":{"start":{"line":22,"column":15},"end":{"line":22,"column":45}},"14":{"start":{"line":23,"column":2},"end":{"line":23,"column":16}},"15":{"start":{"line":26,"column":0},"end":{"line":26,"column":32}},"16":{"start":{"line":28,"column":22},"end":{"line":38,"column":1}},"17":{"start":{"line":29,"column":16},"end":{"line":29,"column":18}},"18":{"start":{"line":30,"column":2},"end":{"line":34,"column":5}},"19":{"start":{"line":31,"column":4},"end":{"line":33,"column":5}},"20":{"start":{"line":32,"column":6},"end":{"line":32,"column":28}},"21":{"start":{"line":35,"column":21},"end":{"line":35,"column":35}},"22":{"start":{"line":36,"column":21},"end":{"line":36,"column":47}},"23":{"start":{"line":37,"column":2},"end":{"line":37,"column":22}},"24":{"start":{"line":40,"column":0},"end":{"line":40,"column":38}}},"fnMap":{"0":{"name":"(anonymous_0)","decl":{"start":{"line":8,"column":19},"end":{"line":8,"column":20}},"loc":{"start":{"line":8,"column":36},"end":{"line":24,"column":1}},"line":8},"1":{"name":"(anonymous_1)","decl":{"start":{"line":10,"column":24},"end":{"line":10,"column":25}},"loc":{"start":{"line":10,"column":35},"end":{"line":16,"column":3}},"line":10},"2":{"name":"(anonymous_2)","decl":{"start":{"line":28,"column":22},"end":{"line":28,"column":23}},"loc":{"start":{"line":28,"column":39},"end":{"line":38,"column":1}},"line":28},"3":{"name":"(anonymous_3)","decl":{"start":{"line":30,"column":24},"end":{"line":30,"column":25}},"loc":{"start":{"line":30,"column":35},"end":{"line":34,"column":3}},"line":30}},"branchMap":{"0":{"loc":{"start":{"line":11,"column":4},"end":{"line":15,"column":5}},"type":"if","locations":[{"start":{"line":11,"column":4},"end":{"line":15,"column":5}},{"start":{"line":11,"column":4},"end":{"line":15,"column":5}}],"line":11},"1":{"loc":{"start":{"line":31,"column":4},"end":{"line":33,"column":5}},"type":"if","locations":[{"start":{"line":31,"column":4},"end":{"line":33,"column":5}},{"start":{"line":31,"column":4},"end":{"line":33,"column":5}}],"line":31}},"s":{"0":1,"1":1,"2":1,"3":0,"4":0,"5":0,"6":0,"7":0,"8":0,"9":0,"10":0,"11":0,"12":0,"13":0,"14":0,"15":1,"16":1,"17":0,"18":0,"19":0,"20":0,"21":0,"22":0,"23":0,"24":1},"f":{"0":0,"1":0,"2":0,"3":0},"b":{"0":[0,0],"1":[0,0]},"_coverageSchema":"332fd63041d2c1bcb487cc26dd0d5f7d97098a6c","hash":"f831e843e10fb333e2098f61b6a63c2f40e775c2"}
,"/home/maga/Desktop/LIM009-fe-md-links/src/cli.js": {"path":"/home/maga/Desktop/LIM009-fe-md-links/src/cli.js","statementMap":{"0":{"start":{"line":5,"column":29},"end":{"line":5,"column":41}},"1":{"start":{"line":6,"column":13},"end":{"line":6,"column":20}},"2":{"start":{"line":7,"column":16},"end":{"line":7,"column":29}},"3":{"start":{"line":10,"column":27},"end":{"line":28,"column":1}},"4":{"start":{"line":11,"column":16},"end":{"line":11,"column":21}},"5":{"start":{"line":12,"column":13},"end":{"line":12,"column":18}},"6":{"start":{"line":13,"column":1},"end":{"line":23,"column":3}},"7":{"start":{"line":14,"column":2},"end":{"line":18,"column":3}},"8":{"start":{"line":15,"column":3},"end":{"line":15,"column":19}},"9":{"start":{"line":16,"column":3},"end":{"line":16,"column":19}},"10":{"start":{"line":19,"column":2},"end":{"line":22,"column":3}},"11":{"start":{"line":20,"column":3},"end":{"line":20,"column":16}},"12":{"start":{"line":21,"column":3},"end":{"line":21,"column":16}},"13":{"start":{"line":24,"column":1},"end":{"line":27,"column":2}},"14":{"start":{"line":30,"column":14},"end":{"line":30,"column":34}},"15":{"start":{"line":33,"column":19},"end":{"line":72,"column":1}},"16":{"start":{"line":34,"column":1},"end":{"line":43,"column":2}},"17":{"start":{"line":36,"column":2},"end":{"line":42,"column":4}},"18":{"start":{"line":38,"column":17},"end":{"line":38,"column":34}},"19":{"start":{"line":39,"column":16},"end":{"line":39,"column":36}},"20":{"start":{"line":40,"column":3},"end":{"line":40,"column":29}},"21":{"start":{"line":41,"column":3},"end":{"line":41,"column":28}},"22":{"start":{"line":44,"column":1},"end":{"line":71,"column":1}},"23":{"start":{"line":46,"column":2},"end":{"line":50,"column":4}},"24":{"start":{"line":48,"column":15},"end":{"line":48,"column":32}},"25":{"start":{"line":49,"column":3},"end":{"line":49,"column":27}},"26":{"start":{"line":54,"column":2},"end":{"line":68,"column":4}},"27":{"start":{"line":56,"column":3},"end":{"line":67,"column":4}},"28":{"start":{"line":58,"column":4},"end":{"line":60,"column":6}},"29":{"start":{"line":59,"column":4},"end":{"line":59,"column":51}},"30":{"start":{"line":64,"column":3},"end":{"line":66,"column":6}},"31":{"start":{"line":65,"column":4},"end":{"line":65,"column":91}},"32":{"start":{"line":74,"column":0},"end":{"line":74,"column":16}}},"fnMap":{"0":{"name":"(anonymous_0)","decl":{"start":{"line":10,"column":27},"end":{"line":10,"column":28}},"loc":{"start":{"line":10,"column":40},"end":{"line":28,"column":1}},"line":10},"1":{"name":"(anonymous_1)","decl":{"start":{"line":13,"column":17},"end":{"line":13,"column":18}},"loc":{"start":{"line":13,"column":29},"end":{"line":23,"column":2}},"line":13},"2":{"name":"(anonymous_2)","decl":{"start":{"line":33,"column":19},"end":{"line":33,"column":20}},"loc":{"start":{"line":33,"column":36},"end":{"line":72,"column":1}},"line":33},"3":{"name":"(anonymous_3)","decl":{"start":{"line":37,"column":8},"end":{"line":37,"column":9}},"loc":{"start":{"line":37,"column":17},"end":{"line":42,"column":3}},"line":37},"4":{"name":"(anonymous_4)","decl":{"start":{"line":47,"column":8},"end":{"line":47,"column":9}},"loc":{"start":{"line":47,"column":17},"end":{"line":50,"column":3}},"line":47},"5":{"name":"(anonymous_5)","decl":{"start":{"line":55,"column":8},"end":{"line":55,"column":9}},"loc":{"start":{"line":55,"column":17},"end":{"line":68,"column":3}},"line":55},"6":{"name":"(anonymous_6)","decl":{"start":{"line":58,"column":18},"end":{"line":58,"column":19}},"loc":{"start":{"line":58,"column":31},"end":{"line":60,"column":4}},"line":58},"7":{"name":"(anonymous_7)","decl":{"start":{"line":64,"column":17},"end":{"line":64,"column":18}},"loc":{"start":{"line":64,"column":30},"end":{"line":66,"column":5}},"line":64}},"branchMap":{"0":{"loc":{"start":{"line":14,"column":2},"end":{"line":18,"column":3}},"type":"if","locations":[{"start":{"line":14,"column":2},"end":{"line":18,"column":3}},{"start":{"line":14,"column":2},"end":{"line":18,"column":3}}],"line":14},"1":{"loc":{"start":{"line":19,"column":2},"end":{"line":22,"column":3}},"type":"if","locations":[{"start":{"line":19,"column":2},"end":{"line":22,"column":3}},{"start":{"line":19,"column":2},"end":{"line":22,"column":3}}],"line":19},"2":{"loc":{"start":{"line":34,"column":1},"end":{"line":43,"column":2}},"type":"if","locations":[{"start":{"line":34,"column":1},"end":{"line":43,"column":2}},{"start":{"line":34,"column":1},"end":{"line":43,"column":2}}],"line":34},"3":{"loc":{"start":{"line":34,"column":4},"end":{"line":34,"column":41}},"type":"binary-expr","locations":[{"start":{"line":34,"column":4},"end":{"line":34,"column":8}},{"start":{"line":34,"column":12},"end":{"line":34,"column":26}},{"start":{"line":34,"column":30},"end":{"line":34,"column":41}}],"line":34},"4":{"loc":{"start":{"line":44,"column":1},"end":{"line":71,"column":1}},"type":"if","locations":[{"start":{"line":44,"column":1},"end":{"line":71,"column":1}},{"start":{"line":44,"column":1},"end":{"line":71,"column":1}}],"line":44},"5":{"loc":{"start":{"line":44,"column":4},"end":{"line":44,"column":23}},"type":"binary-expr","locations":[{"start":{"line":44,"column":4},"end":{"line":44,"column":8}},{"start":{"line":44,"column":12},"end":{"line":44,"column":23}}],"line":44},"6":{"loc":{"start":{"line":56,"column":3},"end":{"line":67,"column":4}},"type":"if","locations":[{"start":{"line":56,"column":3},"end":{"line":67,"column":4}},{"start":{"line":56,"column":3},"end":{"line":67,"column":4}}],"line":56}},"s":{"0":1,"1":1,"2":1,"3":1,"4":2,"5":2,"6":2,"7":2,"8":1,"9":1,"10":1,"11":1,"12":1,"13":2,"14":1,"15":1,"16":2,"17":1,"18":0,"19":0,"20":0,"21":0,"22":1,"23":0,"24":0,"25":0,"26":1,"27":0,"28":0,"29":0,"30":0,"31":0,"32":1},"f":{"0":2,"1":2,"2":2,"3":0,"4":0,"5":0,"6":0,"7":0},"b":{"0":[1,1],"1":[1,0],"2":[1,1],"3":[2,2,1],"4":[0,1],"5":[1,1],"6":[0,0]},"_coverageSchema":"332fd63041d2c1bcb487cc26dd0d5f7d97098a6c","hash":"662acfcaaf2701102defba774aad72a11b5b5599"}
,"/home/maga/Desktop/LIM009-fe-md-links/src/index.js": {"path":"/home/maga/Desktop/LIM009-fe-md-links/src/index.js","statementMap":{"0":{"start":{"line":14,"column":23},"end":{"line":35,"column":1}},"1":{"start":{"line":15,"column":1},"end":{"line":34,"column":4}},"2":{"start":{"line":16,"column":15},"end":{"line":16,"column":60}},"3":{"start":{"line":17,"column":12},"end":{"line":17,"column":14}},"4":{"start":{"line":18,"column":2},"end":{"line":21,"column":5}},"5":{"start":{"line":19,"column":15},"end":{"line":19,"column":37}},"6":{"start":{"line":20,"column":3},"end":{"line":20,"column":18}},"7":{"start":{"line":23,"column":19},"end":{"line":23,"column":31}},"8":{"start":{"line":25,"column":2},"end":{"line":33,"column":3}},"9":{"start":{"line":26,"column":3},"end":{"line":26,"column":22}},"10":{"start":{"line":28,"column":9},"end":{"line":33,"column":3}},"11":{"start":{"line":29,"column":3},"end":{"line":30,"column":18}},"12":{"start":{"line":32,"column":2},"end":{"line":32,"column":31}}},"fnMap":{"0":{"name":"(anonymous_0)","decl":{"start":{"line":14,"column":23},"end":{"line":14,"column":24}},"loc":{"start":{"line":14,"column":42},"end":{"line":35,"column":1}},"line":14},"1":{"name":"(anonymous_1)","decl":{"start":{"line":15,"column":20},"end":{"line":15,"column":21}},"loc":{"start":{"line":15,"column":41},"end":{"line":34,"column":2}},"line":15},"2":{"name":"(anonymous_2)","decl":{"start":{"line":18,"column":17},"end":{"line":18,"column":18}},"loc":{"start":{"line":18,"column":31},"end":{"line":21,"column":3}},"line":18}},"branchMap":{"0":{"loc":{"start":{"line":25,"column":2},"end":{"line":33,"column":3}},"type":"if","locations":[{"start":{"line":25,"column":2},"end":{"line":33,"column":3}},{"start":{"line":25,"column":2},"end":{"line":33,"column":3}}],"line":25},"1":{"loc":{"start":{"line":25,"column":6},"end":{"line":25,"column":43}},"type":"binary-expr","locations":[{"start":{"line":25,"column":6},"end":{"line":25,"column":13}},{"start":{"line":25,"column":17},"end":{"line":25,"column":43}}],"line":25},"2":{"loc":{"start":{"line":28,"column":9},"end":{"line":33,"column":3}},"type":"if","locations":[{"start":{"line":28,"column":9},"end":{"line":33,"column":3}},{"start":{"line":28,"column":9},"end":{"line":33,"column":3}}],"line":28},"3":{"loc":{"start":{"line":28,"column":13},"end":{"line":28,"column":49}},"type":"binary-expr","locations":[{"start":{"line":28,"column":13},"end":{"line":28,"column":20}},{"start":{"line":28,"column":24},"end":{"line":28,"column":49}}],"line":28}},"s":{"0":2,"1":4,"2":4,"3":3,"4":3,"5":5,"6":4,"7":2,"8":2,"9":1,"10":1,"11":1,"12":0},"f":{"0":4,"1":4,"2":5},"b":{"0":[1,1],"1":[2,2],"2":[1,0],"3":[1,1]},"_coverageSchema":"332fd63041d2c1bcb487cc26dd0d5f7d97098a6c","hash":"2bfc40e034280614520a3156919e23a38745cecb"}
,"/home/maga/Desktop/LIM009-fe-md-links/src/controller/links.js": {"path":"/home/maga/Desktop/LIM009-fe-md-links/src/controller/links.js","statementMap":{"0":{"start":{"line":5,"column":17},"end":{"line":5,"column":38}},"1":{"start":{"line":7,"column":28},"end":{"line":21,"column":1}},"2":{"start":{"line":9,"column":23},"end":{"line":9,"column":56}},"3":{"start":{"line":10,"column":14},"end":{"line":10,"column":16}},"4":{"start":{"line":12,"column":4},"end":{"line":18,"column":5}},"5":{"start":{"line":13,"column":8},"end":{"line":17,"column":11}},"6":{"start":{"line":19,"column":4},"end":{"line":19,"column":49}},"7":{"start":{"line":20,"column":4},"end":{"line":20,"column":15}}},"fnMap":{"0":{"name":"(anonymous_0)","decl":{"start":{"line":7,"column":28},"end":{"line":7,"column":29}},"loc":{"start":{"line":7,"column":39},"end":{"line":21,"column":1}},"line":7},"1":{"name":"(anonymous_1)","decl":{"start":{"line":12,"column":20},"end":{"line":12,"column":21}},"loc":{"start":{"line":12,"column":42},"end":{"line":18,"column":5}},"line":12}},"branchMap":{},"s":{"0":3,"1":3,"2":6,"3":5,"4":5,"5":3,"6":5,"7":5},"f":{"0":6,"1":3},"b":{},"_coverageSchema":"332fd63041d2c1bcb487cc26dd0d5f7d97098a6c","hash":"38434ccbf5e2d72fdd13e8908932227481a13280"}
,"/home/maga/Desktop/LIM009-fe-md-links/src/controller/path.js": {"path":"/home/maga/Desktop/LIM009-fe-md-links/src/controller/path.js","statementMap":{"0":{"start":{"line":5,"column":28},"end":{"line":14,"column":1}},"1":{"start":{"line":6,"column":4},"end":{"line":13,"column":5}},"2":{"start":{"line":8,"column":8},"end":{"line":8,"column":35}},"3":{"start":{"line":12,"column":8},"end":{"line":12,"column":21}},"4":{"start":{"line":17,"column":26},"end":{"line":21,"column":1}},"5":{"start":{"line":18,"column":18},"end":{"line":18,"column":36}},"6":{"start":{"line":19,"column":17},"end":{"line":19,"column":33}},"7":{"start":{"line":20,"column":4},"end":{"line":20,"column":18}},"8":{"start":{"line":24,"column":32},"end":{"line":37,"column":1}},"9":{"start":{"line":25,"column":4},"end":{"line":36,"column":5}},"10":{"start":{"line":27,"column":8},"end":{"line":27,"column":58}},"11":{"start":{"line":31,"column":24},"end":{"line":31,"column":56}},"12":{"start":{"line":32,"column":8},"end":{"line":35,"column":11}},"13":{"start":{"line":33,"column":31},"end":{"line":33,"column":76}},"14":{"start":{"line":34,"column":12},"end":{"line":34,"column":30}},"15":{"start":{"line":40,"column":23},"end":{"line":53,"column":1}},"16":{"start":{"line":41,"column":14},"end":{"line":41,"column":16}},"17":{"start":{"line":42,"column":4},"end":{"line":51,"column":5}},"18":{"start":{"line":43,"column":8},"end":{"line":50,"column":9}},"19":{"start":{"line":45,"column":12},"end":{"line":45,"column":46}},"20":{"start":{"line":49,"column":12},"end":{"line":49,"column":29}},"21":{"start":{"line":52,"column":4},"end":{"line":52,"column":15}}},"fnMap":{"0":{"name":"(anonymous_0)","decl":{"start":{"line":5,"column":28},"end":{"line":5,"column":29}},"loc":{"start":{"line":5,"column":39},"end":{"line":14,"column":1}},"line":5},"1":{"name":"(anonymous_1)","decl":{"start":{"line":17,"column":26},"end":{"line":17,"column":27}},"loc":{"start":{"line":17,"column":37},"end":{"line":21,"column":1}},"line":17},"2":{"name":"(anonymous_2)","decl":{"start":{"line":24,"column":32},"end":{"line":24,"column":33}},"loc":{"start":{"line":24,"column":43},"end":{"line":37,"column":1}},"line":24},"3":{"name":"(anonymous_3)","decl":{"start":{"line":32,"column":27},"end":{"line":32,"column":28}},"loc":{"start":{"line":32,"column":40},"end":{"line":35,"column":9}},"line":32},"4":{"name":"(anonymous_4)","decl":{"start":{"line":40,"column":23},"end":{"line":40,"column":24}},"loc":{"start":{"line":40,"column":32},"end":{"line":53,"column":1}},"line":40}},"branchMap":{"0":{"loc":{"start":{"line":6,"column":4},"end":{"line":13,"column":5}},"type":"if","locations":[{"start":{"line":6,"column":4},"end":{"line":13,"column":5}},{"start":{"line":6,"column":4},"end":{"line":13,"column":5}}],"line":6},"1":{"loc":{"start":{"line":25,"column":4},"end":{"line":36,"column":5}},"type":"if","locations":[{"start":{"line":25,"column":4},"end":{"line":36,"column":5}},{"start":{"line":25,"column":4},"end":{"line":36,"column":5}}],"line":25},"2":{"loc":{"start":{"line":27,"column":15},"end":{"line":27,"column":57}},"type":"cond-expr","locations":[{"start":{"line":27,"column":47},"end":{"line":27,"column":52}},{"start":{"line":27,"column":55},"end":{"line":27,"column":57}}],"line":27},"3":{"loc":{"start":{"line":43,"column":8},"end":{"line":50,"column":9}},"type":"if","locations":[{"start":{"line":43,"column":8},"end":{"line":50,"column":9}},{"start":{"line":43,"column":8},"end":{"line":50,"column":9}}],"line":43}},"s":{"0":3,"1":6,"2":2,"3":4,"4":3,"5":18,"6":17,"7":17,"8":3,"9":17,"10":10,"11":6,"12":6,"13":12,"14":12,"15":3,"16":16,"17":16,"18":83,"19":10,"20":73,"21":16},"f":{"0":6,"1":18,"2":17,"3":12,"4":16},"b":{"0":[2,4],"1":[10,6],"2":[7,3],"3":[10,73]},"_coverageSchema":"332fd63041d2c1bcb487cc26dd0d5f7d97098a6c","hash":"a34b2c20daa03cfd1be8233db35968e5460e5071"}
,"/home/maga/Desktop/LIM009-fe-md-links/src/controller/stats.js": {"path":"/home/maga/Desktop/LIM009-fe-md-links/src/controller/stats.js","statementMap":{"0":{"start":{"line":1,"column":26},"end":{"line":23,"column":1}},"1":{"start":{"line":3,"column":13},"end":{"line":3,"column":22}},"2":{"start":{"line":5,"column":1},"end":{"line":14,"column":3}},"3":{"start":{"line":6,"column":2},"end":{"line":9,"column":3}},"4":{"start":{"line":8,"column":3},"end":{"line":8,"column":33}},"5":{"start":{"line":15,"column":15},"end":{"line":15,"column":35}},"6":{"start":{"line":16,"column":18},"end":{"line":16,"column":35}},"7":{"start":{"line":17,"column":17},"end":{"line":17,"column":34}},"8":{"start":{"line":18,"column":21},"end":{"line":18,"column":35}},"9":{"start":{"line":19,"column":21},"end":{"line":19,"column":45}},"10":{"start":{"line":21,"column":14},"end":{"line":21,"column":44}},"11":{"start":{"line":22,"column":1},"end":{"line":22,"column":14}},"12":{"start":{"line":25,"column":29},"end":{"line":36,"column":1}},"13":{"start":{"line":26,"column":15},"end":{"line":26,"column":17}},"14":{"start":{"line":27,"column":1},"end":{"line":32,"column":3}},"15":{"start":{"line":28,"column":3},"end":{"line":31,"column":3}},"16":{"start":{"line":30,"column":3},"end":{"line":30,"column":25}},"17":{"start":{"line":33,"column":20},"end":{"line":33,"column":34}},"18":{"start":{"line":34,"column":20},"end":{"line":34,"column":46}},"19":{"start":{"line":35,"column":1},"end":{"line":35,"column":20}}},"fnMap":{"0":{"name":"(anonymous_0)","decl":{"start":{"line":1,"column":26},"end":{"line":1,"column":27}},"loc":{"start":{"line":1,"column":45},"end":{"line":23,"column":1}},"line":1},"1":{"name":"(anonymous_1)","decl":{"start":{"line":5,"column":23},"end":{"line":5,"column":24}},"loc":{"start":{"line":5,"column":35},"end":{"line":14,"column":2}},"line":5},"2":{"name":"(anonymous_2)","decl":{"start":{"line":25,"column":29},"end":{"line":25,"column":30}},"loc":{"start":{"line":25,"column":48},"end":{"line":36,"column":1}},"line":25},"3":{"name":"(anonymous_3)","decl":{"start":{"line":27,"column":23},"end":{"line":27,"column":24}},"loc":{"start":{"line":27,"column":36},"end":{"line":32,"column":2}},"line":27}},"branchMap":{"0":{"loc":{"start":{"line":6,"column":2},"end":{"line":9,"column":3}},"type":"if","locations":[{"start":{"line":6,"column":2},"end":{"line":9,"column":3}},{"start":{"line":6,"column":2},"end":{"line":9,"column":3}}],"line":6},"1":{"loc":{"start":{"line":28,"column":3},"end":{"line":31,"column":3}},"type":"if","locations":[{"start":{"line":28,"column":3},"end":{"line":31,"column":3}},{"start":{"line":28,"column":3},"end":{"line":31,"column":3}}],"line":28}},"s":{"0":1,"1":1,"2":1,"3":1,"4":1,"5":1,"6":1,"7":1,"8":1,"9":1,"10":1,"11":1,"12":1,"13":1,"14":1,"15":2,"16":1,"17":1,"18":1,"19":1},"f":{"0":1,"1":1,"2":1,"3":2},"b":{"0":[1,0],"1":[1,1]},"_coverageSchema":"332fd63041d2c1bcb487cc26dd0d5f7d97098a6c","hash":"b071938d31a79911b1530dc04a2d16732f4e242f"}
,"/home/maga/Desktop/LIM009-fe-md-links/src/controller/validate.js": {"path":"/home/maga/Desktop/LIM009-fe-md-links/src/controller/validate.js","statementMap":{"0":{"start":{"line":5,"column":29},"end":{"line":38,"column":1}},"1":{"start":{"line":6,"column":23},"end":{"line":36,"column":3}},"2":{"start":{"line":7,"column":2},"end":{"line":35,"column":6}},"3":{"start":{"line":9,"column":4},"end":{"line":25,"column":5}},"4":{"start":{"line":10,"column":5},"end":{"line":16,"column":7}},"5":{"start":{"line":18,"column":5},"end":{"line":24,"column":6}},"6":{"start":{"line":28,"column":4},"end":{"line":34,"column":5}},"7":{"start":{"line":37,"column":1},"end":{"line":37,"column":34}}},"fnMap":{"0":{"name":"(anonymous_0)","decl":{"start":{"line":5,"column":29},"end":{"line":5,"column":30}},"loc":{"start":{"line":5,"column":45},"end":{"line":38,"column":1}},"line":5},"1":{"name":"(anonymous_1)","decl":{"start":{"line":6,"column":38},"end":{"line":6,"column":39}},"loc":{"start":{"line":6,"column":46},"end":{"line":36,"column":2}},"line":6},"2":{"name":"(anonymous_2)","decl":{"start":{"line":8,"column":9},"end":{"line":8,"column":10}},"loc":{"start":{"line":8,"column":18},"end":{"line":26,"column":4}},"line":8},"3":{"name":"(anonymous_3)","decl":{"start":{"line":27,"column":10},"end":{"line":27,"column":11}},"loc":{"start":{"line":27,"column":16},"end":{"line":35,"column":4}},"line":27}},"branchMap":{"0":{"loc":{"start":{"line":9,"column":4},"end":{"line":25,"column":5}},"type":"if","locations":[{"start":{"line":9,"column":4},"end":{"line":25,"column":5}},{"start":{"line":9,"column":4},"end":{"line":25,"column":5}}],"line":9}},"s":{"0":3,"1":3,"2":5,"3":4,"4":1,"5":3,"6":0,"7":2},"f":{"0":3,"1":5,"2":4,"3":0},"b":{"0":[1,3]},"_coverageSchema":"332fd63041d2c1bcb487cc26dd0d5f7d97098a6c","hash":"0d9e7b11602d2f8019d4fbaed2ebe4e56f3ed8bc"}
}
