TN:
SF:/home/maga/Desktop/LIM009-fe-md-links/lib/controller/stats.js
FN:8,(anonymous_0)
FN:10,(anonymous_1)
FN:28,(anonymous_2)
FN:30,(anonymous_3)
FNF:4
FNH:0
FNDA:0,(anonymous_0)
FNDA:0,(anonymous_1)
FNDA:0,(anonymous_2)
FNDA:0,(anonymous_3)
DA:3,1
DA:6,1
DA:8,1
DA:9,0
DA:10,0
DA:11,0
DA:12,0
DA:14,0
DA:17,0
DA:18,0
DA:19,0
DA:20,0
DA:21,0
DA:22,0
DA:23,0
DA:26,1
DA:28,1
DA:29,0
DA:30,0
DA:31,0
DA:32,0
DA:35,0
DA:36,0
DA:37,0
DA:40,1
LF:25
LH:6
BRDA:11,0,0,0
BRDA:11,0,1,0
BRDA:31,1,0,0
BRDA:31,1,1,0
BRF:4
BRH:0
end_of_record
TN:
SF:/home/maga/Desktop/LIM009-fe-md-links/src/cli.js
FN:10,(anonymous_0)
FN:13,(anonymous_1)
FN:33,(anonymous_2)
FN:37,(anonymous_3)
FN:47,(anonymous_4)
FN:55,(anonymous_5)
FN:58,(anonymous_6)
FN:64,(anonymous_7)
FNF:8
FNH:3
FNDA:2,(anonymous_0)
FNDA:2,(anonymous_1)
FNDA:2,(anonymous_2)
FNDA:0,(anonymous_3)
FNDA:0,(anonymous_4)
FNDA:0,(anonymous_5)
FNDA:0,(anonymous_6)
FNDA:0,(anonymous_7)
DA:5,1
DA:6,1
DA:7,1
DA:10,1
DA:11,2
DA:12,2
DA:13,2
DA:14,2
DA:15,1
DA:16,1
DA:19,1
DA:20,1
DA:21,1
DA:24,2
DA:30,1
DA:33,1
DA:34,2
DA:36,1
DA:38,0
DA:39,0
DA:40,0
DA:41,0
DA:44,1
DA:46,0
DA:48,0
DA:49,0
DA:54,1
DA:56,0
DA:58,0
DA:59,0
DA:64,0
DA:65,0
DA:74,1
LF:33
LH:21
BRDA:14,0,0,1
BRDA:14,0,1,1
BRDA:19,1,0,1
BRDA:19,1,1,0
BRDA:34,2,0,1
BRDA:34,2,1,1
BRDA:34,3,0,2
BRDA:34,3,1,2
BRDA:34,3,2,1
BRDA:44,4,0,0
BRDA:44,4,1,1
BRDA:44,5,0,1
BRDA:44,5,1,1
BRDA:56,6,0,0
BRDA:56,6,1,0
BRF:15
BRH:11
end_of_record
TN:
SF:/home/maga/Desktop/LIM009-fe-md-links/src/index.js
FN:14,(anonymous_0)
FN:15,(anonymous_1)
FN:18,(anonymous_2)
FNF:3
FNH:3
FNDA:4,(anonymous_0)
FNDA:4,(anonymous_1)
FNDA:5,(anonymous_2)
DA:14,2
DA:15,4
DA:16,4
DA:17,3
DA:18,3
DA:19,5
DA:20,4
DA:23,2
DA:25,2
DA:26,1
DA:28,1
DA:29,1
DA:32,0
LF:13
LH:12
BRDA:25,0,0,1
BRDA:25,0,1,1
BRDA:25,1,0,2
BRDA:25,1,1,2
BRDA:28,2,0,1
BRDA:28,2,1,0
BRDA:28,3,0,1
BRDA:28,3,1,1
BRF:8
BRH:7
end_of_record
TN:
SF:/home/maga/Desktop/LIM009-fe-md-links/src/controller/links.js
FN:7,(anonymous_0)
FN:12,(anonymous_1)
FNF:2
FNH:2
FNDA:6,(anonymous_0)
FNDA:3,(anonymous_1)
DA:5,3
DA:7,3
DA:9,6
DA:10,5
DA:12,5
DA:13,3
DA:19,5
DA:20,5
LF:8
LH:8
BRF:0
BRH:0
end_of_record
TN:
SF:/home/maga/Desktop/LIM009-fe-md-links/src/controller/path.js
FN:5,(anonymous_0)
FN:17,(anonymous_1)
FN:24,(anonymous_2)
FN:32,(anonymous_3)
FN:40,(anonymous_4)
FNF:5
FNH:5
FNDA:6,(anonymous_0)
FNDA:18,(anonymous_1)
FNDA:17,(anonymous_2)
FNDA:12,(anonymous_3)
FNDA:16,(anonymous_4)
DA:5,3
DA:6,6
DA:8,2
DA:12,4
DA:17,3
DA:18,18
DA:19,17
DA:20,17
DA:24,3
DA:25,17
DA:27,10
DA:31,6
DA:32,6
DA:33,12
DA:34,12
DA:40,3
DA:41,16
DA:42,16
DA:43,83
DA:45,10
DA:49,73
DA:52,16
LF:22
LH:22
BRDA:6,0,0,2
BRDA:6,0,1,4
BRDA:25,1,0,10
BRDA:25,1,1,6
BRDA:27,2,0,7
BRDA:27,2,1,3
BRDA:43,3,0,10
BRDA:43,3,1,73
BRF:8
BRH:8
end_of_record
TN:
SF:/home/maga/Desktop/LIM009-fe-md-links/src/controller/stats.js
FN:1,(anonymous_0)
FN:5,(anonymous_1)
FN:25,(anonymous_2)
FN:27,(anonymous_3)
FNF:4
FNH:4
FNDA:1,(anonymous_0)
FNDA:1,(anonymous_1)
FNDA:1,(anonymous_2)
FNDA:2,(anonymous_3)
DA:1,1
DA:3,1
DA:5,1
DA:6,1
DA:8,1
DA:15,1
DA:16,1
DA:17,1
DA:18,1
DA:19,1
DA:21,1
DA:22,1
DA:25,1
DA:26,1
DA:27,1
DA:28,2
DA:30,1
DA:33,1
DA:34,1
DA:35,1
LF:20
LH:20
BRDA:6,0,0,1
BRDA:6,0,1,0
BRDA:28,1,0,1
BRDA:28,1,1,1
BRF:4
BRH:3
end_of_record
TN:
SF:/home/maga/Desktop/LIM009-fe-md-links/src/controller/validate.js
FN:5,(anonymous_0)
FN:6,(anonymous_1)
FN:8,(anonymous_2)
FN:27,(anonymous_3)
FNF:4
FNH:3
FNDA:3,(anonymous_0)
FNDA:5,(anonymous_1)
FNDA:4,(anonymous_2)
FNDA:0,(anonymous_3)
DA:5,3
DA:6,3
DA:7,5
DA:9,4
DA:10,1
DA:18,3
DA:28,0
DA:37,2
LF:8
LH:7
BRDA:9,0,0,1
BRDA:9,0,1,3
BRF:2
BRH:2
end_of_record
