TN:
SF:/home/maga/Desktop/LIM009-fe-md-links/src/index.js
FN:9,(anonymous_0)
FN:19,(anonymous_1)
FN:26,(anonymous_2)
FN:32,(anonymous_3)
FN:42,(anonymous_4)
FNF:5
FNH:5
FNDA:2,(anonymous_0)
FNDA:7,(anonymous_1)
FNDA:6,(anonymous_2)
FNDA:5,(anonymous_3)
FNDA:3,(anonymous_4)
DA:1,1
DA:2,1
DA:6,1
DA:9,1
DA:10,2
DA:11,1
DA:13,1
DA:19,1
DA:20,7
DA:21,7
DA:22,7
DA:26,1
DA:27,6
DA:28,4
DA:31,2
DA:32,2
DA:34,5
DA:35,5
DA:42,1
DA:43,3
DA:44,3
DA:45,5
DA:46,2
DA:48,3
DA:51,3
LF:25
LH:25
BRDA:10,0,0,1
BRDA:10,0,1,1
BRDA:27,1,0,4
BRDA:27,1,1,2
BRDA:28,2,0,3
BRDA:28,2,1,1
BRDA:45,3,0,2
BRDA:45,3,1,3
BRF:8
BRH:8
end_of_record
